         Lattice Mapping Report File for Design Module 'pong_impl_1'

Target Vendor:        LATTICE
Target Device:        iCE40UP5KSG48
Target Performance:   High-Performance_1.2V

Mapper:    version Radiant Software (64-bit) 1.1.0.165.1
Mapped on: Thu Nov 21 17:58:58 2019

Design Information
------------------

Command line:   map pong_impl_1_syn.udb C:/Users/facun/OneDrive/Desktop/ITBA/5C
     Electronica III/tpf-grupo-1/Pong/impl_1/impl_1.pdc -o pong_impl_1.udb -gui

Design Summary
--------------

   Number of slice registers: 181 out of  5280 (3%)
   Number of I/O registers:      1 out of   117 (1%)
   Number of LUT4s:           2592 out of  5280 (49%)
      Number of logic LUT4s:             2184
      Number of inserted feedthru LUT4s:   4
      Number of replicated LUT4s:          2
      Number of ripple logic:            201 (402 LUT4s)
   Number of IO sites used:   11 out of 39 (28%)
      Number of IO sites used for general PIOs: 11
      Number of IO sites used for I3Cs: 0 out of 2 (0%)
      Number of IO sites used for PIOs+I3Cs: 11 out of 36 (31%)
      (note: If I3C is not used, its site can be used as general PIO)
      Number of IO sites used for OD+RGB IO buffers: 0 out of 3 (0%)
   Number of DSPs:             4 out of 8 (50%)
   Number of I2Cs:             0 out of 2 (0%)
   Number of High Speed OSCs:  1 out of 1 (100%)
   Number of Low Speed OSCs:   0 out of 1 (0%)
   Number of RGB PWM:          0 out of 1 (0%)
   Number of RGB Drivers:      0 out of 1 (0%)
   Number of SCL FILTERs:      0 out of 2 (0%)
   Number of SRAMs:            0 out of 4 (0%)
   Number of WARMBOOTs:        0 out of 1 (0%)
   Number of SPIs:             0 out of 2 (0%)
   Number of EBRs:             0 out of 30 (0%)
   Number of PLLs:             1 out of 1 (100%)
   Number of Clocks:  5
      Net clk: 22 loads, 22 rising, 0 falling (Driver: Pin inst2/CLKHF)
      Net tick_game: 102 loads, 102 rising, 0 falling (Driver: Pin
     menu.clock_I_0_69_2_lut_3_lut/OUT)
      Net tick: 14 loads, 14 rising, 0 falling (Driver: Pin tick_c/Q)
      Net tick_menu: 3 loads, 3 rising, 0 falling (Driver: Pin
     menu.clock_I_0_2_lut_3_lut/OUT)
      Net vga_clock: 16 loads, 16 rising, 0 falling (Driver: Pin
     pll.lscc_pll_inst.u_PLL_B/OUTGLOBAL)
   Number of Clock Enables:  15
      Net VCC_net: 1 loads, 0 SLICEs
      Net n108024: 6 loads, 6 SLICEs
      Net paddle_two/n99171: 5 loads, 5 SLICEs
      Net paddle_two/n107984: 6 loads, 6 SLICEs
      Net paddle_two/n108377: 3 loads, 3 SLICEs
      Net n110675: 2 loads, 2 SLICEs
      Net n108006: 3 loads, 3 SLICEs
      Net n99147: 10 loads, 10 SLICEs
      Net menu/n8: 1 loads, 1 SLICEs

                                    Page 1





Design Summary (cont)
---------------------
      Net n108371: 20 loads, 20 SLICEs
      Net game/n117319: 3 loads, 3 SLICEs
      Net game/score_player_1_3__N_1025: 3 loads, 3 SLICEs
      Net paddle_one/n108374: 3 loads, 3 SLICEs
      Net paddle_one/n99160: 5 loads, 5 SLICEs
      Net paddle_one/n107958: 6 loads, 6 SLICEs
   Number of LSRs:  14
      Net timer_clock_14__N_58: 3 loads, 3 SLICEs
      Net n108280: 6 loads, 6 SLICEs
      Net paddle_two/n108266: 5 loads, 5 SLICEs
      Net paddle_two/n120130: 2 loads, 2 SLICEs
      Net reset_N_1072: 46 loads, 46 SLICEs
      Net bounce_clock_7__N_88: 5 loads, 5 SLICEs
      Net n108269: 1 loads, 1 SLICEs
      Net menu/n7: 1 loads, 1 SLICEs
      Net n99147: 6 loads, 6 SLICEs
      Net game/n99765: 1 loads, 1 SLICEs
      Net game/n106930: 1 loads, 1 SLICEs
      Net n108278: 3 loads, 3 SLICEs
      Net paddle_one/n108289: 5 loads, 5 SLICEs
      Net paddle_one/n120128: 2 loads, 2 SLICEs
   Top 10 highest fanout non-clock nets:
      Net menu_rgb_2__N_750[3]: 334 loads
      Net menu_rgb_2__N_750[4]: 267 loads
      Net menu_rgb_2__N_750[2]: 257 loads
      Net menu_rgb_2__N_750[1]: 235 loads
      Net start_menu/rgb_2__N_714[3]: 210 loads
      Net menu_rgb_2__N_750[5]: 205 loads
      Net menu_rgb_2__N_750[0]: 203 loads
      Net start_menu/rgb_2__N_714[2]: 187 loads
      Net start_menu/rgb_2__N_714[1]: 170 loads
      Net start_menu/rgb_2__N_714[4]: 164 loads




   Number of warnings:  5
   Number of errors:    0

Design Errors/Warnings
----------------------

WARNING - map: The clock port [player_one_up] is assigned to a non clock
     dedicated pin [6], which might affect the clock performance. Use dedicated
     clock resources for the port.
WARNING - map: The clock port [player_one_down] is assigned to a non clock
     dedicated pin [9], which might affect the clock performance. Use dedicated
     clock resources for the port.
WARNING - map: The clock port [player_two_up] is assigned to a non clock
     dedicated pin [10], which might affect the clock performance. Use dedicated
     clock resources for the port.
WARNING - map: The clock port [player_two_down] is assigned to a non clock
     dedicated pin [11], which might affect the clock performance. Use dedicated
     clock resources for the port.
WARNING - map: The clock port [button_enter] is assigned to a non clock
     dedicated pin [2], which might affect the clock performance. Use dedicated
     clock resources for the port.

                                    Page 2






IO (PIO) Attributes
-------------------

+---------------------+-----------+-----------+-------+-------+-----------+
| IO Name             | Direction | Levelmode |  IO   |  IO   | Special   |
|                     |           |  IO_TYPE  |  REG  |  DDR  | IO Buffer |
+---------------------+-----------+-----------+-------+-------+-----------+
| button_enter        | INPUT     | LVCMOS33  |       |       |           |
+---------------------+-----------+-----------+-------+-------+-----------+
| buzzer              | OUTPUT    | LVCMOS33  | O     |       |           |
+---------------------+-----------+-----------+-------+-------+-----------+
| hsync               | OUTPUT    | LVCMOS33  |       |       |           |
+---------------------+-----------+-----------+-------+-------+-----------+
| vsync               | OUTPUT    | LVCMOS33  |       |       |           |
+---------------------+-----------+-----------+-------+-------+-----------+
| r                   | OUTPUT    | LVCMOS33  |       |       |           |
+---------------------+-----------+-----------+-------+-------+-----------+
| player_two_down     | INPUT     | LVCMOS33  |       |       |           |
+---------------------+-----------+-----------+-------+-------+-----------+
| g                   | OUTPUT    | LVCMOS33  |       |       |           |
+---------------------+-----------+-----------+-------+-------+-----------+
| b                   | OUTPUT    | LVCMOS33  |       |       |           |
+---------------------+-----------+-----------+-------+-------+-----------+
| player_one_up       | INPUT     | LVCMOS33  |       |       |           |
+---------------------+-----------+-----------+-------+-------+-----------+
| player_one_down     | INPUT     | LVCMOS33  |       |       |           |
+---------------------+-----------+-----------+-------+-------+-----------+
| player_two_up       | INPUT     | LVCMOS33  |       |       |           |
+---------------------+-----------+-----------+-------+-------+-----------+

Removed logic
-------------

Signal GND_net undriven or does not drive anything - clipped.
Block i1 was optimized away.

PLL/DLL Summary
---------------

PLL 1:                                 Pin/Node Value
  PLL Instance Name:                            pll.lscc_pll_inst.u_PLL_B
  PLL Type:                                     PLL_B
  Input Reference Clock:               NODE     clk
  Output Clock(CoreA):                          NONE
  Output Clock(GlobalA):               NODE     vga_clock
  Output Clock(CoreB):                          NONE
  Output Clock(GlobalB):                        NONE
  Feedback input:                      NODE     pll/lscc_pll_inst/feedback_w
  Internal Feedback output:            NODE     pll/lscc_pll_inst/feedback_w
  BYPASS signal:                                GND
  LATCH signal:                                 GND
  Lock Signal:                                  NONE
  Input Clock Frequency (MHz):                  12.0000
  Reference Divider:                            0
  Feedback Divider:                             66
  VCO Divider:                                  5
  ENABLE_ICEGATE_PORTA:                         0
  ENABLE_ICEGATE_PORTB:                         0

                                    Page 3





PLL/DLL Summary (cont)
----------------------
  PLLOUT_SELECT_PORTA:                          GENCLK
  PLLOUT_SELECT_PORTB:                          GENCLK
  SHIFTREG_DIV_MODE:                            0
  DELAY_ADJUSTMENT_MODE_RELATIVE:               FIXED
  FDA_RELATIVE:                                 0
  FEEDBACK_PATH:                                SIMPLE
  DELAY_ADJUSTMENT_MODE_FEEDBACK:               FIXED
  FDA_FEEDBACK:                                 0
  FILTER_RANGE:                                 1
  EXTERNAL_DIVIDE_FACTOR:                       NONE
  TEST Mode:                                    0

OSC Summary
-----------

OSC 1:                                 Pin/Node Value
  OSC Instance Name:                            inst2
  OSC Type:                                     HSOSC_CORE
  Power UP:                            NODE     VCC_net
  Enable Signal:                       NODE     VCC_net
  OSC Output:                          NODE     clk
  DIV Setting:                                  0b10

ASIC Components
---------------

Instance Name: inst2
         Type: HFOSC
Instance Name: score_one.num0.mult_6
         Type: DSP
Instance Name: paused_menu.mult_960
         Type: DSP
Instance Name: paused_menu.marker.mult_963
         Type: DSP
Instance Name: start_menu.mult_957
         Type: DSP
Instance Name: pll.lscc_pll_inst.u_PLL_B
         Type: PLL
Instance Name: buzzer_i0
         Type: IOLOGIC

Run Time and Memory Usage
-------------------------

   Total CPU Time: 1 secs
   Total REAL Time: 2 secs
   Peak Memory Usage: 108 MB











                                    Page 4


Copyright (c) 1991-1994 by NeoCAD Inc. All rights reserved.
Copyright (c) 1995
     AT&T Corp.   All rights reserved.
Copyright (c) 1995-2001 Lucent
     Technologies Inc.  All rights reserved.
Copyright (c) 2001 Agere Systems
     All rights reserved.
Copyright (c) 2002-2019 Lattice Semiconductor
     Corporation,  All rights reserved.
